2026-03-05 19:04:30 - INFO - ======================================================================
2026-03-05 19:04:30 - INFO - DIN-V2: Behavior-Type Embedding + Transformer Encoder Training
2026-03-05 19:04:30 - INFO - ======================================================================
2026-03-05 19:04:30 - INFO - Params:235,910 | Embed:32 | Transformer:2L4H
2026-03-05 19:04:30 - INFO - Behavior Types: 4 (pv/fav/cart/buy) independent embeddings
2026-03-05 19:04:30 - INFO - Causal Mask + Learnable Position Encoding
2026-03-05 19:04:30 - INFO - Train:5,000 Val:2,000 Test:2,000
2026-03-05 19:04:30 - INFO - Features:{'num_items': 5001, 'num_categories': 501, 'num_behaviors': 4} | BS:512 | LR:0.001 | Epochs:5
2026-03-05 19:04:30 - INFO - CPU: 32 cores
2026-03-05 19:04:30 - INFO - ======================================================================
2026-03-05 19:04:30 - INFO - 
--- Epoch 1/5 (9 batches) ---
2026-03-05 19:04:44 - INFO -   B[1/9] Loss:0.8138
2026-03-05 19:04:46 - INFO -   B[2/9] Loss:0.7947
2026-03-05 19:04:58 - INFO -   B[3/9] Loss:0.7874
2026-03-05 19:05:06 - INFO -   B[4/9] Loss:0.7734
2026-03-05 19:05:15 - INFO -   B[5/9] Loss:0.7637
2026-03-05 19:05:28 - INFO -   B[6/9] Loss:0.7604
2026-03-05 19:05:36 - INFO -   B[7/9] Loss:0.7563
2026-03-05 19:05:41 - INFO -   B[8/9] Loss:0.7520
2026-03-05 19:05:49 - INFO -   B[9/9] Loss:0.7508
2026-03-05 19:05:50 - INFO - [TRAIN] E1: Loss=0.7508 AUC=0.5046 Acc=0.5039 (79s)
2026-03-05 19:06:01 - INFO - [VAL]   E1: Loss=0.6927 AUC=0.5277 Acc=0.5165
2026-03-05 19:06:01 - INFO -   ★ Best model! AUC=0.5277
2026-03-05 19:06:14 - INFO - 
--- Epoch 2/5 (9 batches) ---
2026-03-05 19:06:22 - INFO -   B[1/9] Loss:0.7021
2026-03-05 19:06:33 - INFO -   B[2/9] Loss:0.6997
2026-03-05 19:06:38 - INFO -   B[3/9] Loss:0.7011
2026-03-05 19:06:46 - INFO -   B[4/9] Loss:0.6988
2026-03-05 19:06:55 - INFO -   B[5/9] Loss:0.6980
2026-03-05 19:07:00 - INFO -   B[6/9] Loss:0.6941
2026-03-05 19:07:01 - INFO -   B[7/9] Loss:0.6933
2026-03-05 19:07:06 - INFO -   B[8/9] Loss:0.6896
2026-03-05 19:07:13 - INFO -   B[9/9] Loss:0.6883
2026-03-05 19:07:15 - INFO - [TRAIN] E2: Loss=0.6883 AUC=0.5905 Acc=0.5653 (59s)
2026-03-05 19:07:16 - INFO - [VAL]   E2: Loss=0.6816 AUC=0.6678 Acc=0.5240
2026-03-05 19:07:16 - INFO -   ★ Best model! AUC=0.6678
2026-03-05 19:07:27 - INFO - 
--- Epoch 3/5 (9 batches) ---
2026-03-05 19:07:34 - INFO -   B[1/9] Loss:0.6521
2026-03-05 19:07:39 - INFO -   B[2/9] Loss:0.6514
2026-03-05 19:07:44 - INFO -   B[3/9] Loss:0.6428
2026-03-05 19:07:50 - INFO -   B[4/9] Loss:0.6360
2026-03-05 19:07:56 - INFO -   B[5/9] Loss:0.6423
2026-03-05 19:07:59 - INFO -   B[6/9] Loss:0.6383
2026-03-05 19:08:00 - INFO -   B[7/9] Loss:0.6331
2026-03-05 19:08:03 - INFO -   B[8/9] Loss:0.6233
2026-03-05 19:08:07 - INFO -   B[9/9] Loss:0.6150
2026-03-05 19:08:08 - INFO - [TRAIN] E3: Loss=0.6150 AUC=0.7324 Acc=0.6786 (40s)
2026-03-05 19:08:12 - INFO - [VAL]   E3: Loss=0.6429 AUC=0.8200 Acc=0.7105
2026-03-05 19:08:12 - INFO -   ★ Best model! AUC=0.8200
2026-03-05 19:08:23 - INFO - 
--- Epoch 4/5 (9 batches) ---
2026-03-05 19:08:29 - INFO -   B[1/9] Loss:0.5633
2026-03-05 19:08:34 - INFO -   B[2/9] Loss:0.5380
2026-03-05 19:08:38 - INFO -   B[3/9] Loss:0.5346
2026-03-05 19:08:41 - INFO -   B[4/9] Loss:0.5248
2026-03-05 19:08:46 - INFO -   B[5/9] Loss:0.5171
2026-03-05 19:08:53 - INFO -   B[6/9] Loss:0.5100
2026-03-05 19:08:54 - INFO -   B[7/9] Loss:0.5018
2026-03-05 19:08:55 - INFO -   B[8/9] Loss:0.4904
2026-03-05 19:08:59 - INFO -   B[9/9] Loss:0.4788
2026-03-05 19:09:00 - INFO - [TRAIN] E4: Loss=0.4788 AUC=0.8879 Acc=0.8038 (35s)
2026-03-05 19:09:03 - INFO - [VAL]   E4: Loss=0.5447 AUC=0.9405 Acc=0.8860
2026-03-05 19:09:03 - INFO -   ★ Best model! AUC=0.9405
2026-03-05 19:09:13 - INFO - 
--- Epoch 5/5 (9 batches) ---
2026-03-05 19:09:20 - INFO -   B[1/9] Loss:0.3734
2026-03-05 19:09:25 - INFO -   B[2/9] Loss:0.3514
2026-03-05 19:09:29 - INFO -   B[3/9] Loss:0.3430
2026-03-05 19:09:34 - INFO -   B[4/9] Loss:0.3421
2026-03-05 19:09:43 - INFO -   B[5/9] Loss:0.3321
2026-03-05 19:09:52 - INFO -   B[6/9] Loss:0.3288
2026-03-05 19:09:58 - INFO -   B[7/9] Loss:0.3235
2026-03-05 19:10:06 - INFO -   B[8/9] Loss:0.3195
2026-03-05 19:10:11 - INFO -   B[9/9] Loss:0.3119
2026-03-05 19:10:13 - INFO - [TRAIN] E5: Loss=0.3119 AUC=0.9705 Acc=0.9002 (58s)
2026-03-05 19:10:22 - INFO - [VAL]   E5: Loss=0.4341 AUC=0.9574 Acc=0.8940
2026-03-05 19:10:22 - INFO -   ★ Best model! AUC=0.9574
2026-03-05 19:10:37 - INFO - 
[TEST] AUC=0.9648 LogLoss=0.4346 Acc=0.8975
2026-03-05 19:10:37 - INFO - DONE! Best Val AUC=0.9574 | Test AUC=0.9648 | Time=271s
