2026-03-05 14:39:18 - INFO - ======================================================================
2026-03-05 14:39:18 - INFO - DIN-V2: Behavior-Type-Aware + Transformer Encoder
2026-03-05 14:39:18 - INFO - ======================================================================
2026-03-05 14:39:18 - INFO - Params:827,303 | embed=32 heads=4 layers=2 | Device:cpu
2026-03-05 14:39:18 - INFO - Data: Train:2560 Val:500 Test:500 | Features:{'num_items': 20000, 'num_categories': 2001, 'num_behaviors': 4}
2026-03-05 14:39:19 - INFO - 
--- Epoch 1/3 (5 batches) ---
2026-03-05 14:39:33 - INFO -   Batch[1/5] Loss:0.8946 (14s)
2026-03-05 14:39:48 - INFO -   Batch[2/5] Loss:0.8333 (29s)
2026-03-05 14:39:59 - INFO -   Batch[3/5] Loss:0.8209 (40s)
2026-03-05 14:40:11 - INFO -   Batch[4/5] Loss:0.8041 (52s)
2026-03-05 14:40:23 - INFO -   Batch[5/5] Loss:0.7895 (64s)
2026-03-05 14:40:23 - INFO - [Train] Loss:0.7895 AUC:0.4887 Acc:0.4859 (64s)
2026-03-05 14:40:25 - INFO - [Val] AUC:0.5078 LogLoss:0.6933 Acc:0.5100
2026-03-05 14:40:25 - INFO - Epoch 1 state saved.
2026-03-05 14:40:50 - INFO - Resumed from epoch 1
2026-03-05 14:40:50 - INFO - 
--- Epoch 2/3 (5 batches) ---
2026-03-05 14:41:01 - INFO -   Batch[1/5] Loss:0.7299 (11s)
2026-03-05 14:41:09 - INFO -   Batch[2/5] Loss:0.7200 (19s)
2026-03-05 14:41:20 - INFO -   Batch[3/5] Loss:0.7020 (31s)
2026-03-05 14:41:26 - INFO -   Batch[4/5] Loss:0.6895 (37s)
2026-03-05 14:41:35 - INFO -   Batch[5/5] Loss:0.6805 (45s)
2026-03-05 14:41:35 - INFO - [Train] Loss:0.6805 AUC:0.6220 Acc:0.5871 (45s)
2026-03-05 14:41:37 - INFO - [Val] AUC:0.5071 LogLoss:0.6938 Acc:0.5080
2026-03-05 14:41:37 - INFO - Epoch 2 state saved.
2026-03-05 14:42:03 - INFO - Resumed from epoch 2
2026-03-05 14:42:03 - INFO - 
--- Epoch 3/3 (5 batches) ---
2026-03-05 14:42:16 - INFO -   Batch[1/5] Loss:0.6109 (13s)
2026-03-05 14:42:27 - INFO -   Batch[2/5] Loss:0.5831 (24s)
2026-03-05 14:42:40 - INFO -   Batch[3/5] Loss:0.5604 (36s)
2026-03-05 14:42:55 - INFO -   Batch[4/5] Loss:0.5544 (52s)
2026-03-05 14:43:11 - INFO -   Batch[5/5] Loss:0.5403 (68s)
2026-03-05 14:43:11 - INFO - [Train] Loss:0.5403 AUC:0.8101 Acc:0.7324 (68s)
2026-03-05 14:43:14 - INFO - [Val] AUC:0.5063 LogLoss:0.7140 Acc:0.5040
2026-03-05 14:43:14 - INFO - 
--- Final Test ---
2026-03-05 14:43:18 - INFO - [Test] AUC:0.5068 LogLoss:0.7120 Acc:0.5060
2026-03-05 14:43:18 - INFO - ======================================================================
2026-03-05 14:43:18 - INFO - TRAINING COMPLETE! Test AUC:0.5068
2026-03-05 14:43:18 - INFO - ======================================================================
2026-03-05 14:44:04 -   Batch [120/156] Loss: 0.2705 Speed: 49 s/s
