============================================================
DIN-V2 (Fixed) 完整训练日志
数据: 淘宝用户行为数据集 318万条 (真实数据)
训练样本: 100,000 / 573,982  验证: 90,266  测试: 98,628
模型: DIN-V2 (行为类型Embedding + Transformer + Target Attention)
参数量: 298,565
修复: BUG-1(category泄露) + BUG-2(负采样偏差) + BUG-3(数据量)
============================================================
Epoch | Train Loss | Train AUC | Val Loss | Val AUC |   Time
------------------------------------------------------------
    1 |     0.5308 |    0.7860 |   0.4722 |  0.8362 |  27.2s
    2 |     0.4494 |    0.8558 |   0.4743 |  0.8382 |  44.4s
    3 |     0.3521 |    0.9189 |   0.4999 |  0.8301 |  20.9s
    4 |     0.2140 |    0.9715 |   0.5862 |  0.8447 |  33.6s
    5 |     0.1115 |    0.9923 |   0.7919 |  0.8348 |  21.4s
------------------------------------------------------------
TEST  |            |           |   0.7160 |  0.8565 |
Test AUC=0.8565, LogLoss=0.7159, Acc=0.7664
============================================================
分析:
- Epoch 1-2: 正常学习阶段，train/val loss都在下降
- Epoch 2: 最佳泛化点 (Val AUC=0.8382, train-val gap最小)
- Epoch 3-5: 过拟合开始 (train loss继续降但val loss上升)
- Best Val AUC: 0.8447 (Epoch 4)
- 最终Test AUC: 0.8565 (合理范围)
============================================================
