============================================================
DIN-V1 (Fixed) 完整训练日志
数据: 淘宝用户行为数据集 318万条 (真实数据)
训练样本: 100,000 / 573,982  验证: 90,266  测试: 98,628
模型: DIN-V1 (标准DIN, 无行为类型区分, 无Transformer)
参数量: 294,869
修复: BUG-1(category泄露) + BUG-2(负采样偏差) + BUG-3(数据量)
============================================================
Epoch | Train Loss | Train AUC | Val Loss | Val AUC |   Time
------------------------------------------------------------
    1 |     0.5420 |    0.7902 |   0.4816 |  0.8484 |  11.7s
    2 |     0.3828 |    0.9091 |   0.3945 |  0.9022 |  13.7s
    3 |     0.2209 |    0.9700 |   0.4490 |  0.8994 |  16.4s
    4 |     0.1190 |    0.9912 |   0.5789 |  0.8956 |  13.1s
    5 |     0.0683 |    0.9970 |   0.7311 |  0.8916 |  25.0s
------------------------------------------------------------
TEST  |            |           |   0.5398 |  0.9412 |
Test AUC=0.9412, LogLoss=0.5396, Acc=0.8443
============================================================
分析:
- V1在此session-based数据上表现优于V2
- 原因: session内item已有较强category内聚性，Transformer引入额外噪声
- V1不需要建模序列依赖，直接做Target Attention更高效
- 这说明Transformer的价值在用户行为序列更长、更多样化时才能体现
============================================================
